{
  "RSpec": {
    "coverage": {
      "/Users/robertdelaguna/turing_work/3mod/projects/lunch-and-learn/config/environment.rb": {
        "lines": [
          null,
          1,
          null,
          null,
          1
        ]
      },
      "/Users/robertdelaguna/turing_work/3mod/projects/lunch-and-learn/config/application.rb": {
        "lines": [
          1,
          null,
          1,
          null,
          1,
          1,
          1,
          1,
          1,
          1,
          1,
          1,
          1,
          1,
          null,
          null,
          null,
          null,
          1,
          null,
          1,
          1,
          null,
          1,
          null,
          null,
          null,
          null,
          1,
          null,
          null,
          null,
          null,
          null,
          null,
          null,
          null,
          null,
          null,
          null,
          null,
          1,
          null,
          null
        ]
      },
      "/Users/robertdelaguna/turing_work/3mod/projects/lunch-and-learn/config/boot.rb": {
        "lines": [
          1,
          null,
          1,
          1
        ]
      },
      "/Users/robertdelaguna/turing_work/3mod/projects/lunch-and-learn/config/environments/test.rb": {
        "lines": [
          1,
          null,
          null,
          null,
          null,
          null,
          null,
          1,
          null,
          null,
          null,
          1,
          null,
          null,
          null,
          null,
          null,
          1,
          null,
          null,
          1,
          1,
          null,
          null,
          null,
          null,
          1,
          1,
          1,
          null,
          null,
          1,
          null,
          null,
          1,
          null,
          null,
          1,
          null,
          1,
          null,
          null,
          null,
          null,
          1,
          null,
          null,
          1,
          null,
          null,
          1,
          null,
          null,
          1,
          null,
          null,
          null,
          null,
          null,
          null,
          null,
          null,
          1,
          null
        ]
      },
      "/Users/robertdelaguna/turing_work/3mod/projects/lunch-and-learn/config/initializers/cors.rb": {
        "lines": [
          null,
          null,
          null,
          null,
          null,
          null,
          null,
          null,
          null,
          null,
          null,
          null,
          null,
          null,
          null,
          null
        ]
      },
      "/Users/robertdelaguna/turing_work/3mod/projects/lunch-and-learn/config/initializers/filter_parameter_logging.rb": {
        "lines": [
          null,
          null,
          null,
          null,
          null,
          1,
          null,
          null
        ]
      },
      "/Users/robertdelaguna/turing_work/3mod/projects/lunch-and-learn/config/initializers/inflections.rb": {
        "lines": [
          null,
          null,
          null,
          null,
          null,
          null,
          null,
          null,
          null,
          null,
          null,
          null,
          null,
          null,
          null,
          null
        ]
      },
      "/Users/robertdelaguna/turing_work/3mod/projects/lunch-and-learn/config/routes.rb": {
        "lines": [
          1,
          null,
          null,
          null,
          null,
          1,
          null,
          null,
          null,
          null,
          1,
          1,
          1,
          1,
          1,
          1,
          1,
          1,
          null,
          null,
          null
        ]
      },
      "/Users/robertdelaguna/turing_work/3mod/projects/lunch-and-learn/app/facades/search_facade.rb": {
        "lines": [
          1,
          null,
          1,
          2,
          null,
          null,
          1,
          5,
          49,
          null,
          null,
          null,
          1,
          7,
          7,
          5,
          null,
          2,
          null,
          null,
          null,
          1,
          6,
          6,
          3,
          null,
          3,
          20,
          null,
          null,
          null,
          null,
          1,
          11,
          11,
          5,
          null,
          6,
          6,
          60,
          null,
          null,
          null,
          null
        ]
      },
      "/Users/robertdelaguna/turing_work/3mod/projects/lunch-and-learn/spec/models/favorite_spec.rb": {
        "lines": [
          1,
          null,
          1,
          1,
          2,
          2,
          2,
          2,
          null,
          null
        ]
      },
      "/Users/robertdelaguna/turing_work/3mod/projects/lunch-and-learn/app/models/favorite.rb": {
        "lines": [
          1,
          1,
          null,
          1,
          null
        ]
      },
      "/Users/robertdelaguna/turing_work/3mod/projects/lunch-and-learn/app/models/application_record.rb": {
        "lines": [
          1,
          1,
          null
        ]
      },
      "/Users/robertdelaguna/turing_work/3mod/projects/lunch-and-learn/spec/models/user_spec.rb": {
        "lines": [
          1,
          null,
          1,
          1,
          2,
          2,
          2,
          2,
          2,
          2,
          2,
          2,
          null,
          null
        ]
      },
      "/Users/robertdelaguna/turing_work/3mod/projects/lunch-and-learn/app/models/user.rb": {
        "lines": [
          1,
          1,
          1,
          1,
          null,
          1,
          null,
          1,
          null
        ]
      },
      "/Users/robertdelaguna/turing_work/3mod/projects/lunch-and-learn/spec/poros/error_message_spec.rb": {
        "lines": [
          1,
          null,
          1,
          1,
          2,
          null,
          null,
          1,
          1,
          null,
          null,
          1,
          1,
          1,
          1,
          null,
          null
        ]
      },
      "/Users/robertdelaguna/turing_work/3mod/projects/lunch-and-learn/app/poros/error_message.rb": {
        "lines": [
          1,
          1,
          null,
          1,
          11,
          11,
          null,
          null
        ]
      },
      "/Users/robertdelaguna/turing_work/3mod/projects/lunch-and-learn/spec/poros/learning_resource_spec.rb": {
        "lines": [
          1,
          null,
          1,
          1,
          2,
          2,
          2,
          null,
          null,
          1,
          null,
          1,
          null,
          null,
          1,
          null,
          1,
          1,
          1,
          1,
          null,
          null
        ]
      },
      "/Users/robertdelaguna/turing_work/3mod/projects/lunch-and-learn/app/poros/learning_resource.rb": {
        "lines": [
          1,
          1,
          null,
          1,
          5,
          5,
          5,
          null,
          null
        ]
      },
      "/Users/robertdelaguna/turing_work/3mod/projects/lunch-and-learn/spec/poros/photo_spec.rb": {
        "lines": [
          1,
          null,
          1,
          1,
          null,
          2,
          null,
          null,
          null,
          null,
          2,
          null,
          null,
          1,
          1,
          null,
          null,
          1,
          1,
          1,
          1,
          null,
          null
        ]
      },
      "/Users/robertdelaguna/turing_work/3mod/projects/lunch-and-learn/app/poros/photo.rb": {
        "lines": [
          1,
          1,
          null,
          1,
          22,
          22,
          null,
          null
        ]
      },
      "/Users/robertdelaguna/turing_work/3mod/projects/lunch-and-learn/spec/poros/recipe_spec.rb": {
        "lines": [
          1,
          null,
          1,
          1,
          null,
          2,
          null,
          null,
          null,
          null,
          null,
          2,
          null,
          null,
          1,
          null,
          1,
          null,
          null,
          1,
          null,
          1,
          1,
          1,
          1,
          1,
          null,
          null
        ]
      },
      "/Users/robertdelaguna/turing_work/3mod/projects/lunch-and-learn/app/poros/recipe.rb": {
        "lines": [
          1,
          1,
          null,
          1,
          51,
          51,
          51,
          51,
          null,
          null
        ]
      },
      "/Users/robertdelaguna/turing_work/3mod/projects/lunch-and-learn/spec/poros/tourist_site_spec.rb": {
        "lines": [
          1,
          null,
          1,
          1,
          null,
          3,
          null,
          null,
          null,
          null,
          null,
          3,
          null,
          null,
          1,
          null,
          1,
          null,
          null,
          1,
          null,
          1,
          1,
          1,
          1,
          null,
          null,
          1,
          null,
          1,
          null,
          null,
          null,
          null,
          1,
          null,
          1,
          1,
          1,
          1,
          null,
          null
        ]
      },
      "/Users/robertdelaguna/turing_work/3mod/projects/lunch-and-learn/app/poros/tourist_site.rb": {
        "lines": [
          1,
          1,
          null,
          1,
          64,
          64,
          64,
          null,
          null
        ]
      },
      "/Users/robertdelaguna/turing_work/3mod/projects/lunch-and-learn/spec/poros/video_spec.rb": {
        "lines": [
          1,
          null,
          1,
          1,
          null,
          2,
          null,
          null,
          2,
          null,
          null,
          1,
          null,
          1,
          null,
          null,
          1,
          null,
          1,
          1,
          1,
          null,
          null
        ]
      },
      "/Users/robertdelaguna/turing_work/3mod/projects/lunch-and-learn/app/poros/video.rb": {
        "lines": [
          1,
          1,
          null,
          1,
          4,
          4,
          null,
          null
        ]
      },
      "/Users/robertdelaguna/turing_work/3mod/projects/lunch-and-learn/spec/requests/api/v1/favorites_create_request_spec.rb": {
        "lines": [
          1,
          null,
          1,
          1,
          2,
          null,
          null,
          1,
          null,
          1,
          null,
          null,
          null,
          null,
          1,
          null,
          1,
          null,
          1,
          1,
          1,
          1,
          null,
          null,
          1,
          null,
          1,
          null,
          null,
          null,
          null,
          1,
          null,
          1,
          1,
          null,
          1,
          null,
          1,
          1,
          1,
          1,
          1,
          1,
          1,
          1,
          null,
          null
        ]
      },
      "/Users/robertdelaguna/turing_work/3mod/projects/lunch-and-learn/spec/requests/api/v1/favorites_index_request_spec.rb": {
        "lines": [
          1,
          null,
          1,
          1,
          2,
          2,
          null,
          null,
          1,
          null,
          1,
          null,
          1,
          null,
          1,
          null,
          1,
          1,
          1,
          1,
          1,
          1,
          1,
          1,
          1,
          1,
          1,
          null,
          null,
          null,
          1,
          null,
          1,
          null,
          1,
          1,
          null,
          1,
          null,
          1,
          1,
          1,
          1,
          1,
          1,
          1,
          1,
          null,
          null
        ]
      },
      "/Users/robertdelaguna/turing_work/3mod/projects/lunch-and-learn/spec/requests/api/v1/learning_resources_request_spec.rb": {
        "lines": [
          1,
          null,
          1,
          1,
          1,
          null,
          1,
          null,
          1,
          null,
          1,
          1,
          1,
          1,
          1,
          1,
          1,
          1,
          1,
          1,
          1,
          1,
          1,
          10,
          10,
          10,
          null,
          null,
          null,
          1,
          1,
          1,
          null,
          1,
          1,
          1,
          1,
          1,
          1,
          1,
          1,
          1,
          1,
          1,
          1,
          null,
          null,
          1,
          1,
          1,
          null,
          1,
          1,
          1,
          1,
          1,
          1,
          1,
          1,
          1,
          1,
          1,
          1,
          null,
          null
        ]
      },
      "/Users/robertdelaguna/turing_work/3mod/projects/lunch-and-learn/spec/requests/api/v1/recipes_request_spec.rb": {
        "lines": [
          1,
          null,
          1,
          1,
          1,
          null,
          1,
          null,
          1,
          null,
          1,
          20,
          20,
          20,
          20,
          20,
          20,
          20,
          20,
          20,
          null,
          null,
          null,
          1,
          1,
          1,
          null,
          1,
          null,
          1,
          1,
          9,
          9,
          9,
          9,
          9,
          9,
          9,
          9,
          9,
          null,
          null,
          null,
          1,
          1,
          1,
          null,
          1,
          1,
          1,
          null,
          null
        ]
      },
      "/Users/robertdelaguna/turing_work/3mod/projects/lunch-and-learn/spec/requests/api/v1/tourist_sites_request_spec.rb": {
        "lines": [
          1,
          null,
          1,
          1,
          1,
          null,
          1,
          null,
          1,
          null,
          1,
          1,
          20,
          20,
          20,
          20,
          20,
          20,
          20,
          20,
          null,
          null,
          null,
          1,
          1,
          null,
          1,
          null,
          1,
          null,
          1,
          1,
          null,
          null,
          1,
          1,
          null,
          1,
          null,
          1,
          null,
          1,
          1,
          1,
          1,
          1,
          1,
          1,
          1,
          null,
          null,
          1,
          1,
          null,
          1,
          null,
          1,
          null,
          1,
          1,
          1,
          1,
          1,
          1,
          1,
          1,
          null,
          null,
          1,
          1,
          null,
          1,
          null,
          1,
          null,
          1,
          1,
          1,
          1,
          1,
          1,
          1,
          1,
          null,
          null
        ]
      },
      "/Users/robertdelaguna/turing_work/3mod/projects/lunch-and-learn/spec/requests/api/v1/user_create_request_spec.rb": {
        "lines": [
          1,
          null,
          1,
          1,
          null,
          1,
          null,
          null,
          null,
          null,
          1,
          null,
          1,
          null,
          1,
          null,
          1,
          1,
          1,
          1,
          1,
          1,
          1,
          1,
          1,
          null,
          null,
          1,
          null,
          1,
          null,
          null,
          null,
          null,
          null,
          1,
          null,
          1,
          null,
          1,
          1,
          null,
          1,
          null,
          1,
          1,
          1,
          1,
          1,
          1,
          1,
          1,
          null,
          null,
          1,
          null,
          1,
          null,
          null,
          null,
          null,
          null,
          1,
          null,
          1,
          1,
          null,
          1,
          null,
          1,
          1,
          1,
          1,
          1,
          1,
          1,
          1,
          null,
          null
        ]
      },
      "/Users/robertdelaguna/turing_work/3mod/projects/lunch-and-learn/spec/requests/api/v1/user_login_request_spec.rb": {
        "lines": [
          1,
          null,
          1,
          1,
          null,
          3,
          null,
          null,
          null,
          null,
          3,
          null,
          null,
          1,
          1,
          null,
          1,
          null,
          null,
          1,
          null,
          1,
          null,
          1,
          null,
          1,
          1,
          1,
          1,
          1,
          1,
          1,
          1,
          1,
          null,
          null,
          1,
          null,
          1,
          null,
          null,
          null,
          1,
          null,
          1,
          1,
          null,
          1,
          null,
          1,
          1,
          1,
          1,
          1,
          1,
          1,
          1,
          null,
          null,
          1,
          null,
          1,
          null,
          null,
          null,
          1,
          null,
          1,
          1,
          null,
          1,
          null,
          1,
          1,
          1,
          1,
          1,
          1,
          1,
          1,
          null,
          null
        ]
      },
      "/Users/robertdelaguna/turing_work/3mod/projects/lunch-and-learn/app/services/rest_countries_service.rb": {
        "lines": [
          1,
          null,
          1,
          13,
          null,
          null,
          1,
          13,
          13,
          null,
          null,
          1,
          2,
          null,
          null,
          1,
          11,
          11,
          null,
          null
        ]
      },
      "/Users/robertdelaguna/turing_work/3mod/projects/lunch-and-learn/app/services/recipes_service.rb": {
        "lines": [
          1,
          null,
          1,
          5,
          5,
          5,
          null,
          null,
          null,
          1,
          5,
          5,
          null,
          null,
          1,
          5,
          null,
          null
        ]
      },
      "/Users/robertdelaguna/turing_work/3mod/projects/lunch-and-learn/app/services/video_service.rb": {
        "lines": [
          1,
          null,
          1,
          7,
          7,
          7,
          7,
          null,
          null,
          null,
          1,
          7,
          7,
          null,
          null,
          1,
          7,
          null,
          null
        ]
      },
      "/Users/robertdelaguna/turing_work/3mod/projects/lunch-and-learn/app/services/photo_service.rb": {
        "lines": [
          1,
          null,
          1,
          6,
          6,
          6,
          6,
          null,
          null,
          null,
          1,
          6,
          6,
          null,
          null,
          1,
          6,
          null,
          null
        ]
      },
      "/Users/robertdelaguna/turing_work/3mod/projects/lunch-and-learn/app/services/tourist_sites_service.rb": {
        "lines": [
          1,
          null,
          1,
          6,
          6,
          6,
          null,
          null,
          null,
          1,
          6,
          6,
          null,
          null,
          1,
          6,
          null,
          null
        ]
      },
      "/Users/robertdelaguna/turing_work/3mod/projects/lunch-and-learn/app/controllers/api/v1/favorites_controller.rb": {
        "lines": [
          1,
          1,
          2,
          2,
          1,
          null,
          1,
          null,
          null,
          null,
          1,
          2,
          2,
          1,
          null,
          1,
          1,
          null,
          null,
          null,
          1,
          null,
          1,
          1,
          null,
          null
        ]
      },
      "/Users/robertdelaguna/turing_work/3mod/projects/lunch-and-learn/app/controllers/application_controller.rb": {
        "lines": [
          1,
          null
        ]
      },
      "/Users/robertdelaguna/turing_work/3mod/projects/lunch-and-learn/app/serializers/error_serializer.rb": {
        "lines": [
          1,
          1,
          1,
          null
        ]
      },
      "/Users/robertdelaguna/turing_work/3mod/projects/lunch-and-learn/app/serializers/favorite_serializer.rb": {
        "lines": [
          1,
          1,
          1,
          null
        ]
      },
      "/Users/robertdelaguna/turing_work/3mod/projects/lunch-and-learn/app/controllers/api/v1/search_controller.rb": {
        "lines": [
          1,
          1,
          3,
          1,
          null,
          2,
          null,
          null,
          3,
          null,
          null,
          1,
          3,
          3,
          null,
          null,
          1,
          5,
          5,
          5,
          3,
          null,
          2,
          null,
          null,
          null
        ]
      },
      "/Users/robertdelaguna/turing_work/3mod/projects/lunch-and-learn/app/serializers/learning_resource_serializer.rb": {
        "lines": [
          1,
          1,
          1,
          null
        ]
      },
      "/Users/robertdelaguna/turing_work/3mod/projects/lunch-and-learn/app/serializers/recipe_serializer.rb": {
        "lines": [
          1,
          1,
          1,
          null
        ]
      },
      "/Users/robertdelaguna/turing_work/3mod/projects/lunch-and-learn/app/serializers/tourist_site_serializer.rb": {
        "lines": [
          1,
          1,
          1,
          null
        ]
      },
      "/Users/robertdelaguna/turing_work/3mod/projects/lunch-and-learn/app/controllers/api/v1/users_controller.rb": {
        "lines": [
          1,
          1,
          7,
          7,
          5,
          2,
          1,
          null,
          1,
          null,
          null,
          null,
          1,
          3,
          3,
          2,
          null,
          1,
          null,
          null,
          null,
          1,
          null,
          1,
          7,
          7,
          7,
          null,
          null
        ]
      },
      "/Users/robertdelaguna/turing_work/3mod/projects/lunch-and-learn/app/serializers/user_serializer.rb": {
        "lines": [
          1,
          1,
          1,
          null
        ]
      }
    },
    "timestamp": 1700007286
  }
}
